primaryIdentifier|secondaryIdentifier|TYPE|Chromosome| Start    | End      |Motif
Sat_332|BARCSOYSSR_01_0019|SSR|Gm01|355597|355646|(AT)25
Satt184|BARCSOYSSR_01_0088|SSR|Gm01|1473634|1473690|(ATT)14(TTG)5
Satt531|BARCSOYSSR_01_0206|SSR|Gm01|3779170|3779211|(ATT)14
Satt368|BARCSOYSSR_01_0362|SSR|Gm01|6926642|6926719|(TTA)26
Satt482|BARCSOYSSR_01_0391|SSR|Gm01|7694498|7694542|(TAA)15
Sat_353|BARCSOYSSR_01_0394|SSR|Gm01|7729342|7729385|(TA)22
BARCSOYSSR_03_1150|BARCSOYSSR_03_1150|SSR|Gm01|19745339|19745386|(TAA)7
Satt393|BARCSOYSSR_03_1150|SSR|Gm01|19745339|19745386|(TAA)7
Satt221|BARCSOYSSR_01_0669|SSR|Gm01|24275373|24275444|(ATA)24
Satt605|BARCSOYSSR_01_0679|SSR|Gm01|24555135|24555198|(ATT)10a(TAT)11
Satt502|BARCSOYSSR_01_0686|SSR|Gm01|24851211|24851281|(TTTA)3agttttaaact(ATA)16
Satt532|BARCSOYSSR_01_0730|SSR|Gm01|26610122|26610166|(TAA)15
Satt169|BARCSOYSSR_01_0771|SSR|Gm01|28312288|28312335|(AAT)16
Satt321|BARCSOYSSR_01_0773|SSR|Gm01|28349540|28349581|(TAA)14
Satt548|BARCSOYSSR_01_0557|SSR|Gm01|31366870|31366932|(ATT)21
Sat_346|BARCSOYSSR_01_0814|SSR|Gm01|33260900|33260949|(AT)25
Satt603|BARCSOYSSR_01_0907|SSR|Gm01|36983009|36983077|(TTA)23
Satt515|BARCSOYSSR_01_0912|SSR|Gm01|37027631|37027672|(AAT)14
Satt295|BARCSOYSSR_01_0966|SSR|Gm01|38760262|38760321|(TAT)20
Satt254|BARCSOYSSR_01_0976|SSR|Gm01|39294053|39294130|(ATA)26
Satt179|BARCSOYSSR_01_1008|SSR|Gm01|40222152|40222226|(ATA)25
Satt383|BARCSOYSSR_01_1031|SSR|Gm01|41483157|41483195|(TAT)13
Sat_201|BARCSOYSSR_01_1068|SSR|Gm01|42512300|42512339|(AT)20
Satt267|BARCSOYSSR_01_1077|SSR|Gm01|42916073|42916120|(AAT)16
Satt580|BARCSOYSSR_01_1167|SSR|Gm01|45233256|45233294|(ATA)13
BARCSOYSSR_01_1168|BARCSOYSSR_01_1168|SSR|Gm01|45335085|45335114|(TA)15
Satt283|BARCSOYSSR_01_1226|SSR|Gm01|47208592|47208645|(ATA)18
Satt370|BARCSOYSSR_01_1232|SSR|Gm01|47377795|47377833|(TTA)13
Sat_110|BARCSOYSSR_01_1293|SSR|Gm01|48684974|48685003|(AT)15
Sat_343|BARCSOYSSR_01_1297|SSR|Gm01|48767202|48767239|(AT)19
Satt507|BARCSOYSSR_01_1302|SSR|Gm01|48855206|48855271|(ATT)22
Sat_345|BARCSOYSSR_01_1326|SSR|Gm01|49188834|49188873|(TA)20
Satt198|BARCSOYSSR_01_1337|SSR|Gm01|49435258|49435290|(AAT)11
Satt439|BARCSOYSSR_01_1353|SSR|Gm01|49708955|49708981|(ATT)9
Satt468|BARCSOYSSR_01_1355|SSR|Gm01|49734158|49734227|(ATTT)3tgaaattcttcatatt(TTA)14
Satt077|BARCSOYSSR_01_1358|SSR|Gm01|49783140|49783178|(TAT)13
Sat_036|BARCSOYSSR_01_1367|SSR|Gm01|50040153|50040188|(TA)18
Sat_414|BARCSOYSSR_01_1483|SSR|Gm01|52336653|52336712|(AT)30
Sat_305|BARCSOYSSR_01_1485|SSR|Gm01|52379611|52379666|(TA)28
Satt407|BARCSOYSSR_01_1524|SSR|Gm01|53174909|53174950|(ATA)14
Sat_160|BARCSOYSSR_01_1571|SSR|Gm01|54121522|54121571|(AT)25
Satt408|BARCSOYSSR_01_1592|SSR|Gm01|54400615|54400671|(AAT)19
Satt147|BARCSOYSSR_01_1633|SSR|Gm01|54828504|54828548|(ATA)15
Satt129|BARCSOYSSR_01_1656|SSR|Gm01|55166220|55166294|(AAT)25
Sat_279|BARCSOYSSR_02_0106|SSR|Gm02|2005251|2005306|(AT)28
Sat_351|BARCSOYSSR_02_0263|SSR|Gm02|4905053|4905094|(TA)21
Satt698|BARCSOYSSR_02_0478|SSR|Gm02|8827482|8827532|(TTA)17
Sat_211|BARCSOYSSR_02_0480|SSR|Gm02|8831905|8831960|(TA)28
Satt157|BARCSOYSSR_02_0492|SSR|Gm02|9327932|9328024|(AAT)31
Sat_173|BARCSOYSSR_02_0502|SSR|Gm02|9482433|9482468|(TA)18
Satt558|BARCSOYSSR_02_0555|SSR|Gm02|10619724|10619771|(ATT)16
Sat_254|BARCSOYSSR_02_0578|SSR|Gm02|11168955|11169036|(AT)44
BARCSOYSSR_02_0583|BARCSOYSSR_02_0583|SSR|Gm02|11326591|11326637|(AT)5gtc(TA)17
Satt634|BARCSOYSSR_02_0596|SSR|Gm02|11778567|11778605|(TTA)13
Satt542|BARCSOYSSR_02_0676|SSR|Gm02|13316465|13316521|(TAA)19
Satt296|BARCSOYSSR_02_0677|SSR|Gm02|13335846|13335908|(ATA)21
Satt266|BARCSOYSSR_02_0727|SSR|Gm02|14288260|14288310|(TTA)17
Satt537|BARCSOYSSR_02_0818|SSR|Gm02|15993672|15993764|(TAA)31
Satt428|BARCSOYSSR_02_0846|SSR|Gm02|17770752|17770811|(TAT)20
Satt579|BARCSOYSSR_02_0855|SSR|Gm02|19688206|19688268|(TTA)21
Satt412|BARCSOYSSR_02_0878|SSR|Gm02|23125003|23125068|(TC)5ac(ATA)18
Satt282|BARCSOYSSR_02_0958|SSR|Gm02|24281772|24281840|(TAT)23
Satt005|BARCSOYSSR_02_0998|SSR|Gm02|27699310|27699372|(TTA)21
Satt611|BARCSOYSSR_02_1030|SSR|Gm02|28903157|28903198|(TAT)14
Satt600|BARCSOYSSR_02_1048|SSR|Gm02|29355332|29355430|(TTA)15(TTG)18
Satt604|BARCSOYSSR_02_1095|SSR|Gm02|31234755|31234787|(AAT)11
Satt141|BARCSOYSSR_02_1106|SSR|Gm02|32004138|32004212|(ATA)25
Satt506|BARCSOYSSR_02_1123|SSR|Gm02|33293404|33293445|(TAT)14
Sat_089|BARCSOYSSR_02_1152|SSR|Gm02|34875527|34875572|(TA)23
Satt189|BARCSOYSSR_02_1155|SSR|Gm02|34993309|34993356|(AAT)16
Satt350|BARCSOYSSR_02_1204|SSR|Gm02|36833586|36833636|(TTA)17
Sat_135|BARCSOYSSR_02_1235|SSR|Gm02|37285555|37285610|(TA)29
Sat_169|BARCSOYSSR_02_1257|SSR|Gm02|37813882|37813915|(AT)17
Satt644|BARCSOYSSR_02_1268|SSR|Gm02|38221152|38221190|(AAT)13
Satt041|BARCSOYSSR_02_1319|SSR|Gm02|39547464|39547514|(AAT)17
Satt546|BARCSOYSSR_02_1386|SSR|Gm02|40699457|40699516|(TTA)20
Sat_139|BARCSOYSSR_02_1436|SSR|Gm02|41802832|41802899|(TA)34
Satt703|BARCSOYSSR_02_1500|SSR|Gm02|42580691|42580771|(ATT)27
Satt172|BARCSOYSSR_02_1548|SSR|Gm02|43443587|43443613|(AAT)9
Sat_183|BARCSOYSSR_02_1602|SSR|Gm02|44317162|44317217|(AT)28
Satt274|BARCSOYSSR_02_1663|SSR|Gm02|45267145|45267198|(TAT)18
Satt459|BARCSOYSSR_02_1667|SSR|Gm02|45311164|45311202|(TAT)13
Sat_198|BARCSOYSSR_02_1682|SSR|Gm02|45542962|45543007|(AT)6
Staga002|BARCSOYSSR_02_1717|SSR|Gm02|46281205|46281240|(TATC)9
Sat_415|BARCSOYSSR_02_1758|SSR|Gm02|47039714|47039777|(AT)32
Sat_289|BARCSOYSSR_02_1759|SSR|Gm02|47042787|47042832|(AT)23
Sat_192|BARCSOYSSR_02_1805|SSR|Gm02|48000662|48000713|(TA)26
Satt271|BARCSOYSSR_02_1817|SSR|Gm02|48242303|48242335|(TTA)11
Sat_283|BARCSOYSSR_02_1822|SSR|Gm02|48330488|48330539|(AT)26
Sct_195|BARCSOYSSR_03_0017|SSR|Gm03|323557|323578|(GA)11
Sat_379|BARCSOYSSR_03_0019|SSR|Gm03|461901|461920|(TA)10
Satt631|BARCSOYSSR_03_0162|SSR|Gm03|2943932|2943979|(AAT)16
Satt159|BARCSOYSSR_03_0180|SSR|Gm03|3197998|3198039|(AAT)14
Satt152|BARCSOYSSR_03_0192|SSR|Gm03|3366546|3366608|(ATA)21
Satt009|BARCSOYSSR_03_0226|SSR|Gm03|3932012|3932059|(AAAT)3(AAT)13*
Satt675|BARCSOYSSR_03_0357|SSR|Gm03|6771188|6771238|(TTTA)3(TTA)14*
Sat_084|BARCSOYSSR_03_0413|SSR|Gm03|8268384|8268431|(AT)19(ATAC)3*
Satt584|BARCSOYSSR_03_0442|SSR|Gm03|9228056|9228127|(TAT)24
Satt125|BARCSOYSSR_03_0564|SSR|Gm03|18415620|18415687|(TTA)13ttttc(ATA)8
Sat_275|BARCSOYSSR_03_0842|SSR|Gm03|29862803|29862850|(AT)24
Sat_280|BARCSOYSSR_03_0983|SSR|Gm03|32670493|32670552|(TA)30
Sat_033|BARCSOYSSR_03_0989|SSR|Gm03|32837886|32837953|(TA)34
Sat_266|BARCSOYSSR_03_1075|SSR|Gm03|34016957|34017012|(TA)28
Satt387|BARCSOYSSR_03_1109|SSR|Gm03|34554750|34554779|(AAT)10
Sat_236|BARCSOYSSR_03_1165|SSR|Gm03|35595444|35595519|(TA)38
Satt549|BARCSOYSSR_03_1258|SSR|Gm03|37342774|37342836|(TAT)21
Satt339|BARCSOYSSR_03_1307|SSR|Gm03|37917497|37917577|(ATA)27
Satt237|BARCSOYSSR_03_1312|SSR|Gm03|38104571|38104621|(AAT)17
Satt255|BARCSOYSSR_03_1322|SSR|Gm03|38330164|38330196|(ATT)4
Sat_091|BARCSOYSSR_03_1348|SSR|Gm03|38834753|38834802|(AT)25
Sat_304|BARCSOYSSR_03_1356|SSR|Gm03|39088716|39088767|(AT)22
Satt312|BARCSOYSSR_03_1387|SSR|Gm03|39720566|39720598|(AAT)11
Satt234|BARCSOYSSR_03_1412|SSR|Gm03|40168377|40168415|(TAT)6tac(TAT)6
Sat_295|BARCSOYSSR_03_1431|SSR|Gm03|40375990|40376043|(TA)27
Sat_239|BARCSOYSSR_03_1454|SSR|Gm03|40821270|40821303|(AT)17
Sat_241|BARCSOYSSR_03_1469|SSR|Gm03|41065197|41065238|(AT)21
Satt257|BARCSOYSSR_03_1492|SSR|Gm03|41520667|41520696|(ATA)10
Sat_306|BARCSOYSSR_03_1493|SSR|Gm03|41590039|41590098|(CA)9(TA)21
Satt022|BARCSOYSSR_03_1540|SSR|Gm03|42675939|42675989|(TAT)17
Satt690|BARCSOYSSR_04_0026|SSR|Gm04|486203|486241|(TAT)13
Satt565|BARCSOYSSR_04_0034|SSR|Gm04|550147|550203|(AAT)19
SOYGPATR|BARCSOYSSR_04_0035|SSR|Gm04|564171|564191|(TCT)7
Satt396|BARCSOYSSR_04_0143|SSR|Gm04|2777290|2777316|(TTA)9
Sat_367|BARCSOYSSR_04_0170|SSR|Gm04|3300903|3300952|(AT)25
Sat_337|BARCSOYSSR_04_0228|SSR|Gm04|4222095|4222148|(TA)26
Sat_140|BARCSOYSSR_04_0278|SSR|Gm04|5286825|5286880|(AT)28
BARCSOYSSR_04_0366|BARCSOYSSR_04_0366|SSR|Gm04|6807302|6807367|(AT)33
Satt578|BARCSOYSSR_04_0416|SSR|Gm04|7891766|7891798|(TAT)11
Satt607|BARCSOYSSR_04_0430|SSR|Gm04|8165789|8165833|(AAT)15
Satt646|BARCSOYSSR_04_0460|SSR|Gm04|8907889|8907921|(TTA)11
Satt624|BARCSOYSSR_03_0592|SSR|Gm04|11812717|11812816|(ATA)24gtaataataattg(TTA)5
Sat_404|BARCSOYSSR_04_0579|SSR|Gm04|13613810|13613869|(GT)5(AT)25
Satt190|BARCSOYSSR_04_0659|SSR|Gm04|16738818|16738862|(TAT)15
Satt161|BARCSOYSSR_04_0663|SSR|Gm04|16984103|16984135|(AAT)11
Sat_322|BARCSOYSSR_04_0728|SSR|Gm04|20202548|20202585|(AT)19
BARCSOYSSR_04_0875|BARCSOYSSR_04_0875|SSR|Gm04|21673295|21673363|(TAT)23
Satt361|BARCSOYSSR_04_0777|SSR|Gm04|32617823|32617873|(ATT)10(TTA)7
Sat_357|BARCSOYSSR_04_0801|SSR|Gm04|33970264|33970315|(TA)26
Sat_416|BARCSOYSSR_04_0953|SSR|Gm04|40624787|40624848|(TA)31
Satt294|BARCSOYSSR_04_1041|SSR|Gm04|43305207|43305275|(TAT)23
Satt476|BARCSOYSSR_04_1062|SSR|Gm04|44032349|44032408|(ATA)20
Satt195|BARCSOYSSR_04_1068|SSR|Gm04|44301820|44301849|(ATA)10
Sat_042|BARCSOYSSR_04_1072|SSR|Gm04|44370834|44370889|(TA)28
Satt670|BARCSOYSSR_04_1140|SSR|Gm04|45716485|45716538|(ATT)18
Sat_207|BARCSOYSSR_04_1152|SSR|Gm04|45918885|45918910|(AT)13
Satt713|BARCSOYSSR_04_1167|SSR|Gm04|46125606|46125621|(TTAT)3
Sat_311|BARCSOYSSR_04_1172|SSR|Gm04|46184585|46184626|(AT)21
Satt338|BARCSOYSSR_04_1362|SSR|Gm04|50092445|50092495|(ATA)17
Satt524|BARCSOYSSR_04_1369|SSR|Gm04|50221315|50221356|(AAT)14
Satt682|BARCSOYSSR_04_1382|SSR|Gm04|50466930|50467019|(ATA)14att(ATA)15
BARCSOYSSR_04_1400|BARCSOYSSR_04_1400|SSR|Gm04|50708088|50708145|(AT)29
Sat_137|BARCSOYSSR_05_0046|SSR|Gm05|2671320|2671351|(AT)16
Satt684|BARCSOYSSR_05_0085|SSR|Gm05|3523482|3523532|(ATA)17
Sat_368|BARCSOYSSR_05_0149|SSR|Gm05|4602769|4602796|(TA)14
Satt572|BARCSOYSSR_05_0178|SSR|Gm05|5119761|5119802|(TTA)14
Satt276|BARCSOYSSR_05_0179|SSR|Gm05|5158700|5158756|(TAT)19
Satt165|BARCSOYSSR_05_0307|SSR|Gm05|8367394|8367447|(TTA)18
Satt382|BARCSOYSSR_05_0319|SSR|Gm05|8665629|8665703|(ATT)25
Satt593|BARCSOYSSR_05_0405|SSR|Gm05|12239580|12239678|(TTC)4aacaacaacaat(AAC)10(AAT)15
SSR3340|BARCSOYSSR_05_0405|SSR|Gm05|12239580|12239678|(TTC)4aacaacaacaat(AAC)10(AAT)15
Satt526|BARCSOYSSR_05_0530|SSR|Gm05|13360591|13360617|(AAT)9
Satt449|BARCSOYSSR_05_0517|SSR|Gm05|14843073|14843135|(TTA)21
Sat_410|BARCSOYSSR_05_0516|SSR|Gm05|14845404|14845449|(TA)22
Satt625|BARCSOYSSR_05_0514|SSR|Gm05|14908621|14908781|(TTA)42ttt(TA)16
Satt471|BARCSOYSSR_05_0505|SSR|Gm05|16048880|16048933|(TAT)18
Satt248|BARCSOYSSR_05_0427|SSR|Gm05|20147224|20147259|(AAT)12
Satt364|BARCSOYSSR_05_0581|SSR|Gm05|24308417|24308461|(TAA)15
Satt454|BARCSOYSSR_05_0609|SSR|Gm05|25682247|25682297|(ATA)17
SSR2937|BARCSOYSSR_05_0609|SSR|Gm05|25682247|25682297|(ATA)17
Sat_371|BARCSOYSSR_05_0648|SSR|Gm05|26793256|26793323|(AT)34
Sat_369|BARCSOYSSR_05_0649|SSR|Gm05|26821790|26821849|(AT)30
Sat_385|BARCSOYSSR_05_0720|SSR|Gm05|28772603|28772658|(AT)28
BARCSOYSSR_05_0721|BARCSOYSSR_05_0721|SSR|Gm05|28779144|28779167|(AT)12
Sat_384|BARCSOYSSR_05_0722|SSR|Gm05|28834786|28834849|(TA)32
Satt155|BARCSOYSSR_05_0759|SSR|Gm05|29529179|29529235|(TAA)19
Sat_407|BARCSOYSSR_05_0991|SSR|Gm05|33987095|33987152|(AT)29
Satt717|BARCSOYSSR_05_0992|SSR|Gm05|34005210|34005242|(AAT)11
Satt648|BARCSOYSSR_05_1021|SSR|Gm05|34429006|34429041|(AAT)12
Sat_171|BARCSOYSSR_05_1022|SSR|Gm05|34434602|34434653|(AT)26
SOYNOD26A|BARCSOYSSR_05_1078|SSR|Gm05|35371697|35371722|(TA)13
Satt385|BARCSOYSSR_05_1084|SSR|Gm05|35536882|35536950|(ATA)23
Satt619|BARCSOYSSR_05_1115|SSR|Gm05|35971653|35971685|(TTA)11
Satt545|BARCSOYSSR_05_1134|SSR|Gm05|36463067|36463138|(TTA)24
Sat_267|BARCSOYSSR_05_1191|SSR|Gm05|37612280|37612345|(AT)34
Satt599|BARCSOYSSR_05_1415|SSR|Gm05|38647098|38647127|(TTA)10
Satt174|BARCSOYSSR_05_1397|SSR|Gm05|38939856|38939885|(TTA)10
Satt200|BARCSOYSSR_05_1365|SSR|Gm05|39622009|39622059|(ATA)17
Satt236|BARCSOYSSR_05_1352|SSR|Gm05|39837822|39837878|(ATT)19
Satt225|BARCSOYSSR_05_1330|SSR|Gm05|40263640|40263678|(TAT)13
Satt211|BARCSOYSSR_05_1321|SSR|Gm05|40414340|40414372|(TAA)11
Sat_374|BARCSOYSSR_05_1317|SSR|Gm05|40438815|40438860|(TA)23
Sat_271|BARCSOYSSR_05_1260|SSR|Gm05|41516466|41516501|(TA)18
Sat_217|BARCSOYSSR_05_1252|SSR|Gm05|41679166|41679207|(AT)21
Satt681|BARCSOYSSR_06_0028|SSR|Gm06|493748|493807|(TTA)20
Sat_130|BARCSOYSSR_06_0107|SSR|Gm06|1857594|1857653|(AT)30
Satt640|BARCSOYSSR_06_0268|SSR|Gm06|4682985|4683056|(TAT)24
Sat_062|BARCSOYSSR_06_0283|SSR|Gm06|4953404|4953465|(AT)31
Satt432|BARCSOYSSR_06_0348|SSR|Gm06|6293867|6293911|(ATT)4
Satt281|BARCSOYSSR_06_0362|SSR|Gm06|6529296|6529368|(ATA)20(ATAC)4*
Satt422|BARCSOYSSR_06_0400|SSR|Gm06|7233480|7233551|(ATA)24
Satt291|BARCSOYSSR_06_0408|SSR|Gm06|7326519|7326560|(TAT)14
Satt457|BARCSOYSSR_06_0473|SSR|Gm06|8788659|8788718|(TAA)20
Sat_153|BARCSOYSSR_06_0547|SSR|Gm06|10251241|10251274|(TA)17
Satt170|BARCSOYSSR_06_0605|SSR|Gm06|11294000|11294029|(AAT)10
Satt305|BARCSOYSSR_06_0612|SSR|Gm06|11336657|11336707|(ATT)17
BARCSOYSSR_06_0657|BARCSOYSSR_06_0657|SSR|Gm06|12259638|12259665|(GA)14
Satt322|BARCSOYSSR_06_0667|SSR|Gm06|12336623|12336655|(TAT)11
Satt450|BARCSOYSSR_06_0765|SSR|Gm06|14225129|14225161|(ATA)11
Sat_246|BARCSOYSSR_06_0778|SSR|Gm06|14487532|14487595|(AT)22(GT)10
Sat_213|BARCSOYSSR_06_0781|SSR|Gm06|14644242|14644275|(AT)17
Satt376|BARCSOYSSR_06_0819|SSR|Gm06|15524783|15524824|(ATT)14
Sat_076|BARCSOYSSR_06_0850|SSR|Gm06|16007739|16007817|(AT)33c(TA)6
Satt643|BARCSOYSSR_06_0858|SSR|Gm06|16106427|16106462|(TAA)12
Satt286|BARCSOYSSR_06_0863|SSR|Gm06|16221141|16221194|(ATT)18
Sat_402|BARCSOYSSR_06_0876|SSR|Gm06|16418615|16418664|(AT)25
Satt277|BARCSOYSSR_06_0920|SSR|Gm06|17218711|17218833|(ATA)41
Satt557|BARCSOYSSR_06_1041|SSR|Gm06|20218992|20219054|(AAT)17(GAT)4
Satt658|BARCSOYSSR_06_1059|SSR|Gm06|20754871|20754903|(TTA)11
Satt489|BARCSOYSSR_06_1129|SSR|Gm06|23848529|23848651|(AAT)8(AAC)8aataaa(AAT)23
Satt100|BARCSOYSSR_06_1202|SSR|Gm06|31490651|31490749|(TTA)13
Sat_312|BARCSOYSSR_06_1255|SSR|Gm06|36131846|36131889|(AT)22
Satt319|BARCSOYSSR_06_1301|SSR|Gm06|38049395|38049442|(ATT)16
Sat_251|BARCSOYSSR_06_1345|SSR|Gm06|39704686|39704747|(AT)31
Sat_142|BARCSOYSSR_06_1361|SSR|Gm06|40245192|40245211|(TA)34
Satt708|BARCSOYSSR_06_1367|SSR|Gm06|40461991|40462071|(ATA)27
Sat_238|BARCSOYSSR_06_1454|SSR|Gm06|43990772|43990829|(TA)29
Satt460|BARCSOYSSR_06_1456|SSR|Gm06|44049921|44049996|(AAT)8t(ATA)17
Satt079|BARCSOYSSR_06_1476|SSR|Gm06|44503713|44503748|(AAT)12
Satt433|BARCSOYSSR_06_1629|SSR|Gm06|47516599|47516662|(TTA)7c(TAT)14
Satt316|BARCSOYSSR_06_1658|SSR|Gm06|48016400|48016435|(ATA)12
Sat_252|BARCSOYSSR_06_1726|SSR|Gm06|48211060|48211111|(AT)26
Satt202|BARCSOYSSR_06_1680|SSR|Gm06|48441609|48441653|(TTA)15
Satt371|BARCSOYSSR_06_1762|SSR|Gm06|49759934|49759966|(TAA)11
Satt357|BARCSOYSSR_06_1807|SSR|Gm06|50509728|50509763|(AAT)12
Sat_389|BARCSOYSSR_07_0013|SSR|Gm07|164983|165038|(AT)28
Sat_391|BARCSOYSSR_07_0014|SSR|Gm07|168138|168213|(AT)38
Satt404|BARCSOYSSR_07_0017|SSR|Gm07|225453|225500|(TAA)16
BARCSOYSSR_07_0030|BARCSOYSSR_07_0030|SSR|Gm07|509465|509492|(AT)14
Satt636|BARCSOYSSR_07_0075|SSR|Gm07|1203995|1204060|(ATT)22
Satt590|BARCSOYSSR_07_0080|SSR|Gm07|1301455|1301532|(AAT)26
Satt201|BARCSOYSSR_07_0109|SSR|Gm07|2025315|2025362|(TAT)16
Satt150|BARCSOYSSR_07_0134|SSR|Gm07|2434308|2434367|(ATA)20
Sat_316|BARCSOYSSR_07_0148|SSR|Gm07|2722475|2722552|(TA)39
Satt567|BARCSOYSSR_07_0247|SSR|Gm07|4559651|4559689|(TAA)13
Satt540|BARCSOYSSR_07_0263|SSR|Gm07|5010729|5010773|(TTA)15
Sat_244|BARCSOYSSR_07_0435|SSR|Gm07|8234046|8234099|(AT)27
Satt463|BARCSOYSSR_07_0437|SSR|Gm07|8283287|8283433|(AAT)13(GAT)17(AAT)19
Sat_253|BARCSOYSSR_07_0445|SSR|Gm07|8551594|8551637|(AT)22
Satt245|BARCSOYSSR_07_0489|SSR|Gm07|9357771|9357874|(TAA)5caatt(ATA)13(ATC)15
Satt323|BARCSOYSSR_07_0548|SSR|Gm07|10465171|10465221|(ATA)17
Sat_148|BARCSOYSSR_07_0690|SSR|Gm07|10514317|10514402|(AT)28(GT)15
Sat_258|BARCSOYSSR_07_0683|SSR|Gm07|10656028|10656073|(TA)23
Sat_003|BARCSOYSSR_07_0637|SSR|Gm07|12303557|12303622|(TA)33
Satt702|BARCSOYSSR_07_0634|SSR|Gm07|12389367|12389444|(TAA)26
Sat_226|BARCSOYSSR_07_0718|SSR|Gm07|15352803|15352846|(TA)22
Satt175|BARCSOYSSR_07_0721|SSR|Gm07|15394181|15394228|(ATT)16
Satt494|BARCSOYSSR_07_0783|SSR|Gm07|16521094|16521138|(TTA)15
BARCSOYSSR_07_0825|BARCSOYSSR_07_0825|SSR|Gm07|17567747|17567815|(TAT)23
Sat_256|BARCSOYSSR_07_0835|SSR|Gm07|17690903|17690946|(TA)22
Satt677|BARCSOYSSR_07_0844|SSR|Gm07|17763880|17763924|(AAT)11(TAT)4
Satt655|BARCSOYSSR_07_0847|SSR|Gm07|17806200|17806250|(ATA)12(AGA)5
Sat_288|BARCSOYSSR_07_0902|SSR|Gm07|19169403|19169460|(AT)29
Satt680|BARCSOYSSR_07_0959|SSR|Gm07|21333018|21333161|(ATT)48
Satt306|BARCSOYSSR_07_1117|SSR|Gm07|34896451|34896492|(AAT)14
Satt551|BARCSOYSSR_07_1237|SSR|Gm07|37079755|37079778|(AAT)8
Sat_121|BARCSOYSSR_07_1332|SSR|Gm07|38577021|38577060|(AT)20
Satt346|BARCSOYSSR_07_1431|SSR|Gm07|40299479|40299532|(AAT)18
Satt210|BARCSOYSSR_07_1462|SSR|Gm07|40919622|40919696|(ATT)25
Sat_147|BARCSOYSSR_07_1527|SSR|Gm07|42197744|42197769|(TA)13
Satt308|BARCSOYSSR_07_1556|SSR|Gm07|42822341|42822406|(TTA)22
Sat_276|BARCSOYSSR_07_1561|SSR|Gm07|42861774|42861835|(AT)31
Sat_359|BARCSOYSSR_07_1604|SSR|Gm07|43601554|43601637|(TA)67
Sat_330|BARCSOYSSR_07_1644|SSR|Gm07|44364948|44364997|(TA)25
Sat_383|BARCSOYSSR_08_0014|SSR|Gm08|183183|183258|(TA)38
Satt390|BARCSOYSSR_08_0064|SSR|Gm08|1309039|1309089|(TAT)17
Sat_406|BARCSOYSSR_08_0204|SSR|Gm08|3993742|3993842|(TGTA)4tatgtatttttaccg(TA)35
Satt207|BARCSOYSSR_08_0206|SSR|Gm08|4006449|4006520|(ATA)24
Satt480|BARCSOYSSR_08_0216|SSR|Gm08|4217854|4217895|(TAT)14
Sat_319|BARCSOYSSR_08_0247|SSR|Gm08|4724093|4724120|(AT)14
Satt493|BARCSOYSSR_08_0262|SSR|Gm08|5033482|5033517|(TAT)12
BARCSOYSSR_08_0270|BARCSOYSSR_08_0270|SSR|Gm08|5171872|5171941|(TA)24(TG)8
Satt589|BARCSOYSSR_08_0273|SSR|Gm08|5182963|5183019|(AAT)19
Sat_409|BARCSOYSSR_08_0305|SSR|Gm08|5722617|5722660|(AT)22
Sat_181|BARCSOYSSR_08_0310|SSR|Gm08|5777965|5778022|(AT)29
Satt315|BARCSOYSSR_08_0371|SSR|Gm08|6757129|6757164|(AAT)12
Sat_400|BARCSOYSSR_08_0441|SSR|Gm08|7892298|7892357|(TA)29
Satt632|BARCSOYSSR_08_0454|SSR|Gm08|8223625|8223675|(AAT)17
Sat_162|BARCSOYSSR_08_0458|SSR|Gm08|8283735|8283802|(AT)34
Sat_157|BARCSOYSSR_08_0460|SSR|Gm08|8353913|8353948|(TA)18
Sat_212|BARCSOYSSR_08_0499|SSR|Gm08|9158783|9158830|(AT)24
Satt187|BARCSOYSSR_08_0503|SSR|Gm08|9192592|9192645|(TAA)18
Sat_215|BARCSOYSSR_08_0506|SSR|Gm08|9204615|9204666|(AT)27
BARCSOYSSR_08_0556|BARCSOYSSR_08_0556|SSR|Gm08|10103541|10103578|(AT)19
Satt424|BARCSOYSSR_08_0579|SSR|Gm08|10633708|10633866|(TTA)53
BARCSOYSSR_08_0651|BARCSOYSSR_08_0651|SSR|Gm08|11786820|11786863|(AT)17(GT)5
Satt341|BARCSOYSSR_08_0724|SSR|Gm08|13126815|13126865|(AAT)17
Sat_129|BARCSOYSSR_08_0818|SSR|Gm08|14660854|14660907|(TA)27
Sat_199|BARCSOYSSR_08_0849|SSR|Gm08|15071941|15071984|(AT)22
Satt089|BARCSOYSSR_08_0858|SSR|Gm08|15233753|15233830|(TAT)26
Sat_233|BARCSOYSSR_08_0879|SSR|Gm08|15494250|15494277|(TA)14
Satt377|BARCSOYSSR_08_0909|SSR|Gm08|16361943|16362001|(TAA)14ta(TAT)5
Satt525|BARCSOYSSR_08_0948|SSR|Gm08|17010979|17011023|(TTA)15
Satt233|BARCSOYSSR_08_0960|SSR|Gm08|17232198|17232245|(ATA)16
Sat_392|BARCSOYSSR_08_1032|SSR|Gm08|18374982|18375047|(AT)33
Sat_250|BARCSOYSSR_08_1045|SSR|Gm08|18611862|18611899|(AT)19
Satt327|BARCSOYSSR_08_1127|SSR|Gm08|20468640|20468687|(AAT)16
Satt329|BARCSOYSSR_08_1142|SSR|Gm08|21117904|21117975|(TAT)24
Sat_310|BARCSOYSSR_08_1162|SSR|Gm08|21641326|21641371|(AT)23
Satt508|BARCSOYSSR_08_1164|SSR|Gm08|21744713|21744751|(TAT)13
Sat_232|BARCSOYSSR_08_1216|SSR|Gm08|22915638|22915705|(TA)34
Satt158|BARCSOYSSR_08_1226|SSR|Gm08|23132318|23132431|(ATT)38
Sat_378|BARCSOYSSR_08_1240|SSR|Gm08|23523657|23523702|(TA)23
Sat_377|BARCSOYSSR_08_1244|SSR|Gm08|23584248|23584287|(TA)20
Satt707|BARCSOYSSR_08_1245|SSR|Gm08|23584689|23584715|(TAT)9
Sat_382|BARCSOYSSR_08_1246|SSR|Gm08|23601145|23601192|(AT)24
Satt470|BARCSOYSSR_08_1361|SSR|Gm08|35805150|35805194|(TAT)15
Sat_040|BARCSOYSSR_08_1480|SSR|Gm08|39682650|39682741|(CT)23(AT)23
Satt333|BARCSOYSSR_08_1494|SSR|Gm08|39911032|39911097|(TAT)22
Satt133|BARCSOYSSR_08_1530|SSR|Gm08|40671410|40671439|(AAT)10
Sat_138|BARCSOYSSR_08_1557|SSR|Gm08|41292186|41292235|(TA)25
Satt455|BARCSOYSSR_08_1637|SSR|Gm08|42637591|42637650|(TTA)6(TAT)14
Sat_294|BARCSOYSSR_08_1679|SSR|Gm08|43498753|43498798|(TA)23
Satt228|BARCSOYSSR_08_1811|SSR|Gm08|46125025|46125081|(TTA)19
Sat_347|BARCSOYSSR_08_1873|SSR|Gm08|47136150|47136191|(AT)21
Satt429|BARCSOYSSR_08_1876|SSR|Gm08|47217939|47218016|(TTA)26
Satt538|BARCSOYSSR_08_1890|SSR|Gm08|47395408|47395443|(ATT)12
Satt378|BARCSOYSSR_08_1910|SSR|Gm08|47611367|47611421|(AAC)4cttcattctc(ATA)11
Satt715|BARCSOYSSR_09_0017|SSR|Gm09|376659|376713|(ATA)10gtagtag(TAA)6
Satt539|BARCSOYSSR_09_0029|SSR|Gm09|592589|592621|(ATA)11
Sat_087|BARCSOYSSR_09_0057|SSR|Gm09|1060616|1060687|(AT)28(GT)8
Satt242|BARCSOYSSR_09_0117|SSR|Gm09|2245594|2245671|(TTA)26
Sat_119|BARCSOYSSR_09_0125|SSR|Gm09|2399674|2399721|(TA)24
Satt178|BARCSOYSSR_09_0411|SSR|Gm09|6912730|6912756|(TTA)9
Satt349|BARCSOYSSR_09_0459|SSR|Gm09|7880040|7880069|(AAT)10
Satt555|BARCSOYSSR_09_0465|SSR|Gm09|8020488|8020551|(TTA)6tgac(TAT)14
Sat_399|BARCSOYSSR_09_0487|SSR|Gm09|9095695|9095794|(TA)27(TATG)12*
Satt247|BARCSOYSSR_09_0492|SSR|Gm09|9214850|9214912|(ATT)21
Satt046|BARCSOYSSR_09_0535|SSR|Gm09|10848401|10848460|(ATA)20
Satt441|BARCSOYSSR_09_0549|SSR|Gm09|11224146|11224241|(ATT)32
Satt544|BARCSOYSSR_09_0550|SSR|Gm09|11261561|11261629|(ATT)23
Satt167|BARCSOYSSR_09_0551|SSR|Gm09|11262087|11262164|(TTA)26
Sct_196|BARCSOYSSR_09_0596|SSR|Gm09|12796876|12796997|(TA)36(GA)25
Satt381|BARCSOYSSR_09_0597|SSR|Gm09|12849971|12850003|(TTA)11
Satt518|BARCSOYSSR_09_0602|SSR|Gm09|13085431|13085487|(ATA)19
Sat_281|BARCSOYSSR_09_0637|SSR|Gm09|16045936|16045973|(TA)19
Satt417|BARCSOYSSR_09_0652|SSR|Gm09|18102042|18102095|(AAT)18
Satt264|BARCSOYSSR_09_0696|SSR|Gm09|19580270|19580311|(TTA)14
Satt337|BARCSOYSSR_09_0723|SSR|Gm09|21181273|21181335|(ATT)21
Sat_325|BARCSOYSSR_09_0822|SSR|Gm09|29188646|29188733|(TA)58
Satt628|BARCSOYSSR_09_0835|SSR|Gm09|29930311|29930337|(AAT)9
Satt326|BARCSOYSSR_09_0837|SSR|Gm09|29967215|29967292|(CAT)9(TAT)17
Satt725|BARCSOYSSR_09_0857|SSR|Gm09|31346707|31346781|(ATA)10(ATT)15
Sat_349|BARCSOYSSR_09_0881|SSR|Gm09|32461829|32461892|(AT)32
Satt673|BARCSOYSSR_09_0954|SSR|Gm09|33969526|33969600|(ATA)25
Satg002|BARCSOYSSR_09_0958|SSR|Gm09|34120862|34120885|(TCA)8
Satt617|BARCSOYSSR_09_0967|SSR|Gm09|34441950|34441994|(TTA)15
Satt240|BARCSOYSSR_09_0991|SSR|Gm09|35521423|35521468|(AAT)4g(ATA)11
Sat_044|BARCSOYSSR_09_1052|SSR|Gm09|36759518|36759557|(AT)20
Satt559|BARCSOYSSR_09_1091|SSR|Gm09|37762692|37762883|(ATA)23atgtttttaagactgtc(TA)57
Sat_043|BARCSOYSSR_09_1093|SSR|Gm09|37826661|37826714|(AAAT)4(AT)20*
BARCSOYSSR_09_1123|BARCSOYSSR_09_1123|potential_SSR|Gm09|38618060|38618117|(AT)29
Satt273|BARCSOYSSR_09_1132|SSR|Gm09|38799446|38799484|(TTA)13
Sat_111|BARCSOYSSR_09_1137|SSR|Gm09|38961896|38961927|(AT)16
BARCSOYSSR_09_1170|BARCSOYSSR_09_1170|SSR|Gm09|39682256|39682313|(AT)29
BARCSOYSSR_09_1171|BARCSOYSSR_09_1171|potential_SSR|Gm09|39684908|39684937|(TC)15
Sct_190|BARCSOYSSR_09_1303|SSR|Gm09|42132760|42132783|(TC)12
Satt475|BARCSOYSSR_09_1315|SSR|Gm09|42291117|42291164|(ATA)16
Satt260|BARCSOYSSR_09_1321|SSR|Gm09|42408030|42408098|(TAT)23
Sat_167|BARCSOYSSR_09_1358|SSR|Gm09|43021594|43021639|(TA)23
Sat_243|BARCSOYSSR_09_1370|SSR|Gm09|43235182|43235221|(TA)20
Sat_352|BARCSOYSSR_09_1453|SSR|Gm09|45087036|45087097|(TA)31
Sat_293|BARCSOYSSR_09_1512|SSR|Gm09|46053189|46053250|(TA)26(CA)5
Satt196|BARCSOYSSR_09_1541|SSR|Gm09|46515643|46515708|(TTA)5ttg(TTA)12(AGA)4
Sat_126|BARCSOYSSR_09_1616|SSR|Gm09|47606612|47606663|(TA)19tg(TA)6
Satt588|BARCSOYSSR_09_1661|SSR|Gm09|48619236|48619338|(TTA)19(TA)11*(GA)13
Sat_196|BARCSOYSSR_10_0008|SSR|Gm10|174634|174689|(TA)28
Satt358|BARCSOYSSR_10_0068|SSR|Gm10|1018583|1018639|(ATA)19
Satt500|BARCSOYSSR_10_0116|SSR|Gm10|1836739|1836801|(TAA)21
Satt492|BARCSOYSSR_10_0122|SSR|Gm10|1881058|1881102|(AAT)15
Sat_321|BARCSOYSSR_10_0152|SSR|Gm10|2479546|2479579|(TA)17
Satt445|BARCSOYSSR_10_0163|SSR|Gm10|2662090|2662158|(ATT)23
Sat_303|BARCSOYSSR_10_0166|SSR|Gm10|2705798|2705899|(TC)19(TA)32
Sat_318|BARCSOYSSR_10_0206|SSR|Gm10|3174868|3174923|(TA)28
Satt653|BARCSOYSSR_10_0281|SSR|Gm10|4621075|4621104|(AAT)10
Satt347|BARCSOYSSR_10_0298|SSR|Gm10|5059739|5059771|(TAT)11
Satt420|BARCSOYSSR_10_0507|SSR|Gm10|10091647|10091694|(TAT)16
Sat_145|BARCSOYSSR_10_0521|SSR|Gm10|11017684|11017713|(AT)15
Satt345|BARCSOYSSR_10_0564|SSR|Gm10|12355488|12355568|(ATT)27
Satt633|BARCSOYSSR_10_0584|SSR|Gm10|12960140|12960175|(TAA)12
Satt679|BARCSOYSSR_10_0767|SSR|Gm10|16885764|16885825|(TAT)8tg(TTA)4ttgttatttttg(TTA)4
Satt608|BARCSOYSSR_10_0736|SSR|Gm10|21635128|21635181|(TTA)18
Satt550|BARCSOYSSR_10_0687|SSR|Gm10|25055426|25055473|(ATA)16
Satt585|BARCSOYSSR_10_0630|SSR|Gm10|28577149|28577218|(TAT)12c(ATT)11
Satt479|BARCSOYSSR_10_0800|SSR|Gm10|29427604|29427651|(TTA)16
Satt466|BARCSOYSSR_10_0804|SSR|Gm10|29480142|29480183|(TAT)14
Satt188|BARCSOYSSR_10_0819|SSR|Gm10|30401163|30401255|(ATA)31
Satt241|BARCSOYSSR_10_0915|SSR|Gm10|33311073|33311135|(AAT)21
Satt262|BARCSOYSSR_10_0972|SSR|Gm10|36043085|36043144|(ATT)20
Satt473|BARCSOYSSR_10_0978|SSR|Gm10|36114164|36114220|(TTA)19
Satt173|BARCSOYSSR_10_0982|SSR|Gm10|36986866|36986919|(TAT)18
Sat_193|BARCSOYSSR_10_1020|SSR|Gm10|37933489|37933528|(TA)20
Sat_282|BARCSOYSSR_10_1028|SSR|Gm10|38033251|38033292|(TA)21
Satt563|BARCSOYSSR_10_1058|SSR|Gm10|38715808|38715841|(ATT)4g(TTA)7
BARCSOYSSR_10_1072|BARCSOYSSR_10_1072|SSR|Gm10|38957079|38957111|(GTT)11
Satt478|BARCSOYSSR_10_1087|SSR|Gm10|39108309|39108362|(TAA)18
Sat_242|BARCSOYSSR_10_1104|SSR|Gm10|39392941|39392976|(AT)18
Satt477|BARCSOYSSR_10_1148|SSR|Gm10|40306887|40306919|(TAT)11
Satt592|BARCSOYSSR_10_1339|SSR|Gm10|43509853|43509891|(TAT)13
Sat_274|BARCSOYSSR_10_1353|SSR|Gm10|43788372|43788427|(ATAC)3acacac(AT)19
BARCSOYSSR_10_1394|BARCSOYSSR_10_1394|SSR|Gm10|44580197|44580241|(AAT)15
BARCSOYSSR_10_1395|BARCSOYSSR_10_1395|SSR|Gm10|44607680|44607715|(AT)18
Satt581|BARCSOYSSR_10_1400|SSR|Gm10|44713990|44714022|(TAA)11
Sat_038|BARCSOYSSR_10_1480|SSR|Gm10|46052143|46052184|(AT)21
Satt243|BARCSOYSSR_10_1517|SSR|Gm10|46657956|46658006|(TAT)17
Sat_307|BARCSOYSSR_10_1568|SSR|Gm10|47423626|47423693|(TA)34
Sat_231|BARCSOYSSR_10_1590|SSR|Gm10|47770672|47770713|(AT)21
Sat_109|BARCSOYSSR_10_1620|SSR|Gm10|48198922|48198977|(TA)28
Sat_108|BARCSOYSSR_10_1621|SSR|Gm10|48199124|48199197|(CT)21(AT)16
Sat_272|BARCSOYSSR_11_0142|SSR|Gm11|2718934|2718971|(TA)19
Sat_270|BARCSOYSSR_11_0227|SSR|Gm11|4234183|4234240|(AT)29
Satt426|BARCSOYSSR_11_0313|SSR|Gm11|5682000|5682047|(ATT)5
Satt509|BARCSOYSSR_11_0342|SSR|Gm11|6217092|6217184|(ATA)31
Satt251|BARCSOYSSR_11_0375|SSR|Gm11|6906574|6906618|(TAT)15
Satt638|BARCSOYSSR_11_0380|SSR|Gm11|6971197|6971235|(ATA)13
Satt197|BARCSOYSSR_11_0482|SSR|Gm11|8898929|8898988|(ATT)20
Sat_247|BARCSOYSSR_11_0496|SSR|Gm11|9107006|9107047|(AT)21
Sat_149|BARCSOYSSR_11_0543|SSR|Gm11|10003072|10003113|(AT)21
Sat_128|BARCSOYSSR_11_0544|SSR|Gm11|10011381|10011440|(AT)30
BARCSOYSSR_11_0545|BARCSOYSSR_11_0545|SSR|Gm11|10016954|10016989|(AT)18
Sat_095|BARCSOYSSR_11_1065|SSR|Gm11|16478387|16478494|(AT)54
Satt430|BARCSOYSSR_11_1022|SSR|Gm11|18739486|18739524|(ATA)9(ACA)4
Satt332|BARCSOYSSR_11_0936|SSR|Gm11|23026109|23026172|(TTA)8c(TAT)13
Sat_364|BARCSOYSSR_11_1138|SSR|Gm11|25510245|25510308|(AT)32
Sat_348|BARCSOYSSR_11_0828|SSR|Gm11|26864979|26865048|(TA)35
Satt597|BARCSOYSSR_11_0839|SSR|Gm11|27036651|27036689|(TAT)13
Satt415|BARCSOYSSR_11_1167|SSR|Gm11|27791040|27791093|(TAA)4
Satt444|BARCSOYSSR_11_1225|SSR|Gm11|29759358|29759403|(TAA)6c(AAT)9
Sat_103|BARCSOYSSR_13_0937|SSR|Gm11|30247558|30247617|(AT)30
Satt665|BARCSOYSSR_11_1324|SSR|Gm11|31754126|31754179|(ATT)18
Sat_123|BARCSOYSSR_11_1355|SSR|Gm11|32194528|32194583|(TA)28
Satt359|BARCSOYSSR_11_1373|SSR|Gm11|32411352|32411396|(TAT)15
Sat_331|BARCSOYSSR_11_1469|SSR|Gm11|34156806|34156851|(AT)22
Satt453|BARCSOYSSR_11_1468|SSR|Gm11|34173223|34173264|(TTA)14
Sat_200|BARCSOYSSR_12_0011|SSR|Gm12|272443|272492|(AT)25
Satt666|BARCSOYSSR_12_0014|SSR|Gm12|312470|312511|(ATT)14
Satt635|BARCSOYSSR_12_0037|SSR|Gm12|886799|886819|(ATA)7
Satt353|BARCSOYSSR_12_0068|SSR|Gm12|1687470|1687520|(TTA)17
Sat_127|BARCSOYSSR_12_0209|SSR|Gm12|4265824|4265909|(AC)15(AT)28
Satt568|BARCSOYSSR_12_0221|SSR|Gm12|4520299|4520349|(ATT)17
Satt192|BARCSOYSSR_12_0301|SSR|Gm12|5965017|5965115|(AAT)5(ATT)28
Satt442|BARCSOYSSR_12_0320|SSR|Gm12|6390850|6390954|(TAA)35
Sat_334|BARCSOYSSR_12_0484|SSR|Gm12|9131477|9131518|(AT)21
Satt469|BARCSOYSSR_12_0584|SSR|Gm12|12362879|12362920|(AAT)14
SSR2883|BARCSOYSSR_12_0584|SSR|Gm12|12362879|12362920|(AAT)14
Sat_122|BARCSOYSSR_12_0628|SSR|Gm12|13480525|13480570|(TA)23
Satt052|BARCSOYSSR_12_0667|SSR|Gm12|14388180|14388224|(TAT)15
Sat_118|BARCSOYSSR_12_0668|SSR|Gm12|14394172|14394217|(TA)23
Sat_401|BARCSOYSSR_12_0692|SSR|Gm12|14878068|14878139|(AT)37
Satt279|BARCSOYSSR_12_0933|SSR|Gm12|24129740|24129826|(TAA)29
Satt314|BARCSOYSSR_12_0936|SSR|Gm12|24403715|24403756|(ATA)14
Satt253|BARCSOYSSR_12_0796|SSR|Gm12|25888333|25888386|(TAT)17
Sat_205|BARCSOYSSR_12_1006|SSR|Gm12|32426080|32426133|(TA)27
Satt676|BARCSOYSSR_12_1008|SSR|Gm12|32454914|32454979|(TAT)22
Satt629|BARCSOYSSR_12_1065|SSR|Gm12|33769674|33769712|(TAT)13
Sat_158|BARCSOYSSR_12_1068|SSR|Gm12|33865884|33865943|(AT)30
Satt302|BARCSOYSSR_12_1142|SSR|Gm12|35083008|35083061|(ATA)13aag(TAA)4
Sat_216|BARCSOYSSR_12_1192|SSR|Gm12|35872204|35872247|(TA)22
Satt142|BARCSOYSSR_12_1206|SSR|Gm12|36033806|36033865|(TTA)20
Satt293|BARCSOYSSR_12_1207|SSR|Gm12|36036587|36036661|(TTA)17(TA)13*
Sat_175|BARCSOYSSR_12_1229|SSR|Gm12|36556178|36556241|(TA)24tc(TA)7
Satt317|BARCSOYSSR_12_1231|SSR|Gm12|36570677|36570751|(TCAT)3(TTA)21
Sat_218|BARCSOYSSR_12_1299|SSR|Gm12|37556657|37556710|(TA)6
Satt434|BARCSOYSSR_12_1340|SSR|Gm12|38428612|38428707|(ATA)32
Satt649|BARCSOYSSR_13_0572|SSR|Gm13|1225753|1225806|(ATA)18
Satt146|BARCSOYSSR_13_0573|SSR|Gm13|1357575|1357622|(TAA)16
Satt325|BARCSOYSSR_13_0639|SSR|Gm13|8587975|8588031|(TAT)19
Satt586|BARCSOYSSR_13_0522|SSR|Gm13|10248531|10248587|(TTA)19
Satt343|BARCSOYSSR_13_0518|SSR|Gm13|10392923|10392961|(TTA)13
Sat_387|BARCSOYSSR_13_0497|SSR|Gm13|11101967|11102036|(AT)35
Satt193|BARCSOYSSR_13_0477|SSR|Gm13|11847952|11848020|(TAA)23
Satt569|BARCSOYSSR_13_0458|SSR|Gm13|12294094|12294135|(TTA)14
Sat_262|BARCSOYSSR_13_0373|SSR|Gm13|14618326|14618381|(AT)28
Satt145|BARCSOYSSR_13_0341|SSR|Gm13|15293233|15293266|(AAT)4c(ATA)7
Satt269|BARCSOYSSR_13_0340|SSR|Gm13|15306342|15306374|(ATT)11
Satt348|BARCSOYSSR_13_0282|SSR|Gm13|16340354|16340413|(ATA)20
Satt252|BARCSOYSSR_13_0272|SSR|Gm13|16455027|16455095|(TAT)23
Satt423|BARCSOYSSR_13_0264|SSR|Gm13|16600532|16600588|(TAT)19
Satt149|BARCSOYSSR_13_0245|SSR|Gm13|16855132|16855179|(AAT)16
Satt160|BARCSOYSSR_13_0196|SSR|Gm13|17875730|17875819|(TTA)30
Satt206|BARCSOYSSR_13_0121|SSR|Gm13|19579095|19579130|(ATA)12
BARCSOYSSR_13_0119|BARCSOYSSR_13_0119|SSR|Gm13|19623470|19623499|(ATA)10
BARCSOYSSR_13_0105|BARCSOYSSR_13_0105|SSR|Gm13|19888307|19888368|(TA)31
Sat_298|BARCSOYSSR_13_0100|SSR|Gm13|19951522|19951577|(AT)28
Sat_240|BARCSOYSSR_13_0071|SSR|Gm13|20520485|20520562|(TA)39
Satt659|BARCSOYSSR_13_0062|SSR|Gm13|20573322|20573382|(AAT)7(AAC)4aaat(TAA)8
Satt516|BARCSOYSSR_13_0687|SSR|Gm13|22489400|22489456|(TAA)19
Sat_309|BARCSOYSSR_13_0742|SSR|Gm13|23683698|23683759|(TA)31
Satt425|BARCSOYSSR_13_0784|SSR|Gm13|24361239|24361274|(ATT)12
Satt595|BARCSOYSSR_13_0800|SSR|Gm13|24602956|24602997|(AAC)5(AAT)9
Sat_133|BARCSOYSSR_13_0818|SSR|Gm13|24949641|24949694|(AT)27
Satt663|BARCSOYSSR_13_0877|SSR|Gm13|25936745|25936850|(TTA)27ctattactattac(TAT)4
Sat_297|BARCSOYSSR_13_0952|SSR|Gm13|26976116|26976161|(AT)23
Sat_234|BARCSOYSSR_13_0981|SSR|Gm13|27656933|27657028|(TA)25
Sat_154|BARCSOYSSR_13_1029|SSR|Gm13|28506124|28506173|(TA)25
Satt114|BARCSOYSSR_13_1055|SSR|Gm13|28912878|28912928|(AAT)17
Satt334|BARCSOYSSR_13_1098|SSR|Gm13|29609605|29609652|(ATA)10(TAA)6
Satt510|BARCSOYSSR_13_1219|SSR|Gm13|31802616|31802642|(TAT)9
Sat_317|BARCSOYSSR_13_1241|SSR|Gm13|32196864|32196911|(AT)24
Satt362|BARCSOYSSR_13_1331|SSR|Gm13|34078132|34078176|(TTA)15
Sct_188|BARCSOYSSR_13_1369|SSR|Gm13|34767559|34767584|(CT)13
Sat_375|BARCSOYSSR_13_1385|SSR|Gm13|35072301|35072370|(AT)35
Sat_313|BARCSOYSSR_13_1410|SSR|Gm13|35508707|35508744|(TA)19
Satt490|BARCSOYSSR_13_1471|SSR|Gm13|36699258|36699329|(AG)5acgtaata(AAT)18
Sat_197|BARCSOYSSR_13_1522|SSR|Gm13|37543037|37543082|(AT)23
Satt144|BARCSOYSSR_13_1524|SSR|Gm13|37603958|37604011|(TAA)18
Satt554|BARCSOYSSR_13_1617|SSR|Gm13|39252760|39252856|(TAT)11t(TTA)21
Satt657|BARCSOYSSR_13_1646|SSR|Gm13|39735457|39735489|(ATA)11
Satt522|BARCSOYSSR_13_1672|SSR|Gm13|40131922|40131969|(AAT)16
BARCSOYSSR_13_1747|BARCSOYSSR_13_1747|SSR|Gm13|41606193|41606246|(ATA)18
Satt218|BARCSOYSSR_13_1760|SSR|Gm13|41821688|41821738|(AAT)17
Sat_417|BARCSOYSSR_13_1837|SSR|Gm13|43307910|43307971|(AT)31
Satt656|BARCSOYSSR_13_1838|SSR|Gm13|43324730|43324759|(TTA)10
Satt395|BARCSOYSSR_13_1938|SSR|Gm13|45320532|45320561|(AAT)10
Satt577|BARCSOYSSR_14_0036|SSR|Gm14|675247|675282|(ATT)12
Sat_177|BARCSOYSSR_14_0051|SSR|Gm14|971755|971791|(AT)11a(GT)7
Sat_264|BARCSOYSSR_14_0096|SSR|Gm14|1845054|1845105|(AT)26
Sat_342|BARCSOYSSR_14_0147|SSR|Gm14|2957003|2957076|(TA)37
Satt126|BARCSOYSSR_14_0271|SSR|Gm14|5020271|5020324|(AAT)18
Sat_287|BARCSOYSSR_14_0281|SSR|Gm14|5288005|5288058|(AT)27
Satt467|BARCSOYSSR_14_0362|SSR|Gm14|6480191|6480236|(ATT)5a(TAT)10
Sct_034|BARCSOYSSR_14_0440|SSR|Gm14|7922311|7922336|(AG)13
Satt304|BARCSOYSSR_14_0646|SSR|Gm14|13086839|13086928|(TAA)30
Sat_355|BARCSOYSSR_14_0663|SSR|Gm14|13585581|13585624|(AT)22
Sat_083|BARCSOYSSR_14_0682|SSR|Gm14|14146525|14146570|(TA)23
Satt474|BARCSOYSSR_14_1033|SSR|Gm14|16248918|16248956|(TTA)13
Sat_189|BARCSOYSSR_14_1036|SSR|Gm14|16352993|16353012|(TA)10
Satt122|BARCSOYSSR_14_1056|SSR|Gm14|17619188|17619211|(TAA)8
Sat_182|BARCSOYSSR_14_0919|SSR|Gm14|31281020|31281071|(AT)26
Satt601|BARCSOYSSR_14_0920|SSR|Gm14|31284759|31284797|(AAT)13
Satt556|BARCSOYSSR_14_1110|SSR|Gm14|38859494|38859535|(AAT)14
Satt020|BARCSOYSSR_14_1160|SSR|Gm14|41294172|41294219|(AAT)16
Sat_230|BARCSOYSSR_14_1169|SSR|Gm14|41622868|41622913|(AT)23
Sct_064|BARCSOYSSR_14_1302|SSR|Gm14|44799009|44799040|(TC)16
Satt534|BARCSOYSSR_14_1316|SSR|Gm14|45041580|45041669|(TAT)30
Satt063|BARCSOYSSR_14_1364|SSR|Gm14|45993741|45993800|(TAA)20
BARCSOYSSR_14_1375|BARCSOYSSR_14_1375|SSR|Gm14|46231070|46231108|(ATA)13
Sat_424|BARCSOYSSR_14_1377|SSR|Gm14|46281881|46281928|(AT)24
Satt575|BARCSOYSSR_15_0034|SSR|Gm15|877318|877350|(ATA)11
Satt411|BARCSOYSSR_15_0118|SSR|Gm15|2517428|2517460|(TAT)11
Satt384|BARCSOYSSR_15_0189|SSR|Gm15|4054528|4054575|(ATA)16
Satt720|BARCSOYSSR_15_0195|SSR|Gm15|4154779|4154829|(TTA)17
Satt691|BARCSOYSSR_15_0198|SSR|Gm15|4208471|4208521|(ATT)17
BARCSOYSSR_15_0229|BARCSOYSSR_15_0229|potential_SSR|Gm15|5135235|5135300|(AT)33
Satt212|BARCSOYSSR_15_0235|SSR|Gm15|5240567|5240593|(TAA)9
Satt651|BARCSOYSSR_15_0306|SSR|Gm15|6823598|6823627|(ATA)10
Sat_273|BARCSOYSSR_15_0487|SSR|Gm15|9396696|9396749|(AT)27
Satt598|BARCSOYSSR_15_0645|SSR|Gm15|13654006|13654035|(ATA)10
Satt606|BARCSOYSSR_15_0692|SSR|Gm15|14943540|14943633|(TA)8(AAT)26
Sat_136|BARCSOYSSR_15_0753|SSR|Gm15|16632823|16632858|(AT)18
Satt699|BARCSOYSSR_15_0754|SSR|Gm15|16759918|16759944|(ATT)9
Sat_380|BARCSOYSSR_15_0765|SSR|Gm15|16990634|16990657|(TA)12
Satt706|BARCSOYSSR_15_0766|SSR|Gm15|17021865|17021933|(AAT)23
Sat_107|BARCSOYSSR_15_0800|SSR|Gm15|17659988|17660049|(TA)31
Satt204|BARCSOYSSR_15_0801|SSR|Gm15|17702475|17702532|(ATA)4c(TAA)15
Sat_172|BARCSOYSSR_15_0946|SSR|Gm15|22891121|22891156|(AT)18
Satt268|BARCSOYSSR_15_0948|SSR|Gm15|22969161|22969211|(ATT)17
SSR1766|BARCSOYSSR_15_0948|SSR|Gm15|22969161|22969211|(ATT)17
Satt263|BARCSOYSSR_15_1040|SSR|Gm15|28489742|28489798|(TTA)19
Satt185|BARCSOYSSR_15_1031|SSR|Gm15|30238179|30238265|(TTA)29
Satt716|BARCSOYSSR_15_1077|SSR|Gm15|34078430|34078462|(TAT)11
Satt355|BARCSOYSSR_15_1082|SSR|Gm15|34757113|34757172|(CAT)6(AAT)14
Satt483|BARCSOYSSR_15_1125|SSR|Gm15|37490541|37490579|(AAT)13
Satt452|BARCSOYSSR_15_1159|SSR|Gm15|39682108|39682146|(TAA)13
Satt117|BARCSOYSSR_15_1171|SSR|Gm15|40379673|40379708|(ATA)12
Satt724|BARCSOYSSR_15_1237|SSR|Gm15|43170053|43170067|(ATT)5
Satt369|BARCSOYSSR_15_1450|SSR|Gm15|49011310|49011360|(TAT)17
BARCSOYSSR_15_1453|BARCSOYSSR_15_1453|SSR|Gm15|49059381|49059414|(TA)17
Satt685|BARCSOYSSR_15_1455|SSR|Gm15|49067114|49067155|(AAT)14
Sat_376|BARCSOYSSR_15_1565|SSR|Gm15|51021863|51021916|(TA)27
Sat_381|BARCSOYSSR_15_1568|SSR|Gm15|51081019|51081068|(AT)25
Satt231|BARCSOYSSR_15_1582|SSR|Gm15|51294939|51295034|(TAT)32
Satt249|BARCSOYSSR_16_0062|SSR|Gm16|1149482|1149541|(AAT)20
Satt674|BARCSOYSSR_16_0083|SSR|Gm16|1560115|1560165|(TTA)17
Satt287|BARCSOYSSR_16_0090|SSR|Gm16|1648628|1648681|(ATA)18
Satt285|BARCSOYSSR_16_0163|SSR|Gm16|2827926|2827982|(TTA)19
Sct_046|BARCSOYSSR_16_0171|SSR|Gm16|2919486|2919507|(GA)11
Satt693|BARCSOYSSR_16_0377|SSR|Gm16|6325632|6325691|(AAT)20
Sat_370|BARCSOYSSR_16_0424|SSR|Gm16|7211988|7212061|(TA)37
Satt654|BARCSOYSSR_16_0464|SSR|Gm16|7956932|7956966|(ATA)5acaataac(AAT)4
Satt132|BARCSOYSSR_16_0524|SSR|Gm16|9934129|9934182|(ATA)18
Satt686|BARCSOYSSR_16_0574|SSR|Gm16|13053846|13053887|(AAT)14
Sat_259|BARCSOYSSR_16_0641|SSR|Gm16|21350956|21350999|(AT)22
Satt280|BARCSOYSSR_16_0632|SSR|Gm16|21543660|21543701|(TTA)14
Sat_412|BARCSOYSSR_16_0622|SSR|Gm16|21877481|21877534|(TA)27
Satt529|BARCSOYSSR_16_0703|SSR|Gm16|23417387|23417425|(ATT)13
Satt183|BARCSOYSSR_16_0752|SSR|Gm16|25456723|25456761|(TTA)13
Satt380|BARCSOYSSR_16_0794|SSR|Gm16|26823712|26823756|(ATT)15
Sat_165|BARCSOYSSR_16_0803|SSR|Gm16|27158753|27158790|(AT)19
Sat_093|BARCSOYSSR_16_0804|SSR|Gm16|27167312|27167357|(TA)23
Satt622|BARCSOYSSR_16_0840|SSR|Gm16|27981082|27981162|(AAT)27
Satt215|BARCSOYSSR_16_0885|SSR|Gm16|28944563|28944595|(TTA)11
Sat_366|BARCSOYSSR_16_0968|SSR|Gm16|30404763|30404803|(TA)8gtatcaataaaat(TTA)4
Satt244|BARCSOYSSR_16_1151|SSR|Gm16|33818964|33819044|(AAT)27
Sat_396|BARCSOYSSR_16_1164|SSR|Gm16|34028302|34028369|(AT)34
Satt547|BARCSOYSSR_16_1165|SSR|Gm16|34035215|34035277|(CAT)4(TAT)17
Satt431|BARCSOYSSR_16_1234|SSR|Gm16|36221234|36221296|(AAT)21
Sat_395|BARCSOYSSR_16_1312|SSR|Gm16|37577418|37577477|(AT)30
Sat_393|BARCSOYSSR_16_1314|SSR|Gm16|37631847|37631912|(TA)33
Satt712|BARCSOYSSR_16_1317|SSR|Gm16|37699245|37699332|(ATA)21atttctaattaaatt(TA)5
Sat_296|BARCSOYSSR_17_0071|SSR|Gm17|1168480|1168543|(AT)31
Sat_333|BARCSOYSSR_17_0105|SSR|Gm17|1746869|1746930|(TA)30
BARCSOYSSR_17_0118|BARCSOYSSR_17_0118|SSR|Gm17|2104642|2104711|(AT)35
Sct_192|BARCSOYSSR_17_0152|SSR|Gm17|2833657|2833714|(TC)29
Satt328|BARCSOYSSR_17_0219|SSR|Gm17|3860604|3860636|(AAT)11
Sat_277|BARCSOYSSR_17_0320|SSR|Gm17|5524168|5524251|(TA)41
Satt458|BARCSOYSSR_17_0337|SSR|Gm17|5788578|5788667|(TAT)30
Satt135|BARCSOYSSR_17_0343|SSR|Gm17|5892070|5892120|(TAT)17
Sat_284|BARCSOYSSR_17_0370|SSR|Gm17|6286843|6286894|(TA)26
Satt014|BARCSOYSSR_17_0384|SSR|Gm17|6476042|6476065|(TTA)8
Satt372|BARCSOYSSR_17_0444|SSR|Gm17|7542141|7542206|(TTA)22
Satt154|BARCSOYSSR_17_0554|SSR|Gm17|9576682|9576779|(TAT)7catc(ATT)20a(CTG)4
Sat_092|BARCSOYSSR_17_0564|SSR|Gm17|9687687|9687748|(TA)31
BARCSOYSSR_17_0621|BARCSOYSSR_17_0621|potential_SSR|Gm17|10731846|10731881|(AT)18
BARCSOYSSR_17_0646|BARCSOYSSR_17_0646|potential_SSR|Gm17|11062565|11062630|(TA)33
BARCSOYSSR_17_0690|BARCSOYSSR_17_0690|SSR|Gm17|11892597|11892648|(AT)26
Satt447|BARCSOYSSR_17_0711|SSR|Gm17|12155768|12155797|(ATT)10
Sat_292|BARCSOYSSR_17_0731|SSR|Gm17|12509407|12509474|(AT)32
Satt389|BARCSOYSSR_17_0807|SSR|Gm17|13771562|13771627|(ATA)22
BARCSOYSSR_17_0844|BARCSOYSSR_17_0844|SSR|Gm17|14675942|14676011|(AT)35
BARCSOYSSR_17_0900|BARCSOYSSR_17_0900|potential_SSR|Gm17|16442018|16442044|(GAA)9
Satt311|BARCSOYSSR_17_0919|SSR|Gm17|18065557|18065595|(AAT)13
Satt514|BARCSOYSSR_17_0930|SSR|Gm17|18425883|18425963|(ATA)27
Sat_114|BARCSOYSSR_17_0966|SSR|Gm17|19328731|19328784|(TA)27
Satt082|BARCSOYSSR_17_0973|SSR|Gm17|19423729|19423785|(ATT)10aaattaaaaaataaa(TAT)4
Sat_194|BARCSOYSSR_17_0986|SSR|Gm17|20108002|20108089|(ATAC)3(AT)38
Sat_300|BARCSOYSSR_17_0988|SSR|Gm17|20378980|20379023|(AT)22
Sat_338|BARCSOYSSR_17_0992|SSR|Gm17|20586777|20586844|(AT)34
Satt662|BARCSOYSSR_17_1053|SSR|Gm17|23948157|23948213|(AAT)19
Satt464|BARCSOYSSR_17_1058|SSR|Gm17|24110116|24110163|(AAT)16
Satt226|BARCSOYSSR_17_1080|SSR|Gm17|26354669|26354759|(TTTA)10(TTA)18*
Satt488|BARCSOYSSR_17_1096|SSR|Gm17|27359196|27359243|(AAT)16
Sat_365|BARCSOYSSR_17_1115|SSR|Gm17|28908129|28908174|(AT)23
Satt543|BARCSOYSSR_17_1131|SSR|Gm17|30341906|30341962|(ATT)19
Sat_001|BARCSOYSSR_17_1342|SSR|Gm17|36455310|36455385|(AT)38
Satt301|BARCSOYSSR_17_1357|SSR|Gm17|36718790|36718864|(ATA)25
BARCSOYSSR_17_1425|BARCSOYSSR_17_1425|SSR|Gm17|37799190|37799209|(TA)10
Sat_354|BARCSOYSSR_17_1426|SSR|Gm17|37831445|37831500|(TA)28
Satt186|BARCSOYSSR_17_1475|SSR|Gm17|38763480|38763536|(ATT)19
Satt310|BARCSOYSSR_17_1477|SSR|Gm17|38772869|38772910|(TTA)14
Sat_326|BARCSOYSSR_17_1511|SSR|Gm17|39285901|39285956|(AT)28
Satt031|BARCSOYSSR_17_1534|SSR|Gm17|39659471|39659535|(CTTT)4tttttagcactga(TAT)12
Satt672|BARCSOYSSR_17_1545|SSR|Gm17|39844004|39844082|(AAT)20aac(TAAA)4
Sat_086|BARCSOYSSR_17_1552|SSR|Gm17|39875826|39875883|(AT)29
Satt256|BARCSOYSSR_17_1604|SSR|Gm17|40525836|40525865|(ATT)10
Sat_220|BARCSOYSSR_17_1639|SSR|Gm17|41067275|41067318|(AT)22
Satt038|BARCSOYSSR_18_0064|SSR|Gm18|1344115|1344165|(ATA)17
Sat_210|BARCSOYSSR_18_0093|SSR|Gm18|1621673|1621718|(AT)23
Satt309|BARCSOYSSR_18_0102|SSR|Gm18|1736741|1736779|(ATA)13
BARCSOYSSR_18_0141|BARCSOYSSR_18_0141|SSR|Gm18|2399903|2399952|(AT)25
Sat_141|BARCSOYSSR_18_0142|SSR|Gm18|2419031|2419077|(AT)11c(GA)12
Sat_163|BARCSOYSSR_18_0143|SSR|Gm18|2420034|2420063|(TA)15
Satt610|BARCSOYSSR_18_0158|SSR|Gm18|2675453|2675479|(ATA)9
Satt570|BARCSOYSSR_18_0177|SSR|Gm18|3172913|3172945|(TAT)11
Satt688|BARCSOYSSR_18_0181|SSR|Gm18|3275974|3276006|(TTA)11
BARCSOYSSR_18_0195|BARCSOYSSR_18_0195|SSR|Gm18|3626474|3626521|(AT)24
Satt217|BARCSOYSSR_18_0250|SSR|Gm18|4713131|4713187|(AAT)19
Sat_315|BARCSOYSSR_18_0295|SSR|Gm18|5348281|5348314|(AT)17
Sat_290|BARCSOYSSR_18_0305|SSR|Gm18|5496804|5496871|(AT)34
BARCSOYSSR_18_0306|BARCSOYSSR_18_0306|SSR|Gm18|5507445|5507468|(AT)12
Sat_131|BARCSOYSSR_18_0316|SSR|Gm18|5702492|5702549|(TA)29
Satt324|BARCSOYSSR_18_0324|SSR|Gm18|5927486|5927545|(TTA)20
Sat_403|BARCSOYSSR_18_0348|SSR|Gm18|6207647|6207712|(TA)33
Satt115|BARCSOYSSR_18_0523|SSR|Gm18|10458485|10458538|(TAT)18
Sat_308|BARCSOYSSR_18_0550|SSR|Gm18|11426871|11426908|(AT)19
Sat_358|BARCSOYSSR_18_0562|SSR|Gm18|11645255|11645318|(TA)33
Satt340|BARCSOYSSR_18_0674|SSR|Gm18|15179670|15179708|(TTA)13
Satt566|BARCSOYSSR_18_0831|SSR|Gm18|21105248|21105295|(TAT)16
Satt303|BARCSOYSSR_18_0845|SSR|Gm18|21906086|21906145|(TAA)20
Satt594|BARCSOYSSR_18_0849|SSR|Gm18|22375720|22375788|(TTA)23
Sat_088|BARCSOYSSR_18_0947|SSR|Gm18|28049290|28049323|(TA)17
Satt427|BARCSOYSSR_18_0919|SSR|Gm18|30071800|30071844|(ATA)15
Satt138|BARCSOYSSR_18_1129|SSR|Gm18|41531057|41531197|(AAT)47
Satt533|BARCSOYSSR_18_1146|SSR|Gm18|42149168|42149212|(ATA)15
Satt564|BARCSOYSSR_18_1171|SSR|Gm18|43342365|43342430|(AAT)22
Satt504|BARCSOYSSR_18_1210|SSR|Gm18|44259513|44259614|(ATA)22(AATA)10*
Satt400|BARCSOYSSR_18_1273|SSR|Gm18|46109318|46109350|(TTA)11
Sat_223|BARCSOYSSR_18_1338|SSR|Gm18|47635935|47635980|(TA)23
Satt199|BARCSOYSSR_18_1364|SSR|Gm18|48185224|48185285|(TA)10(ATA)15*
Sat_260|BARCSOYSSR_18_1385|SSR|Gm18|48463560|48463613|(AT)25
Satt012|BARCSOYSSR_18_1418|SSR|Gm18|49174128|49174199|(ATA)24
Sat_164|BARCSOYSSR_18_1426|SSR|Gm18|49383772|49383853|(TC)24(TA)17
Satt503|BARCSOYSSR_18_1442|SSR|Gm18|49681441|49681494|(AAT)18
Satt612|BARCSOYSSR_18_1596|SSR|Gm18|52181853|52181882|(TTA)10
BARCSOYSSR_18_1669|BARCSOYSSR_18_1669|potential_SSR|Gm18|53220986|53221033|(TA)23
BARCSOYSSR_18_1699|BARCSOYSSR_18_1699|SSR|Gm18|53789166|53789209|(AT)22
Sct_199|BARCSOYSSR_18_1703|SSR|Gm18|53823826|53823905|(AT)14(AG)17aa(AG)8
BARCSOYSSR_18_1707|BARCSOYSSR_18_1707|SSR|Gm18|53852971|53853014|(TA)22
Satt472|BARCSOYSSR_18_1708|SSR|Gm18|53866606|53866716|(TTA)37
BARCSOYSSR_18_1710|BARCSOYSSR_18_1710|SSR|Gm18|53902882|53902949|(TA)34
BARCSOYSSR_18_1777|BARCSOYSSR_18_1777|SSR|Gm18|54744147|54744204|(AT)29
Sat_064|BARCSOYSSR_18_1858|SSR|Gm18|56333740|56333803|(TA)32
BARCSOYSSR_18_1949|BARCSOYSSR_18_1949|SSR|Gm18|57972957|57972986|(TA)15
Satt723|BARCSOYSSR_19_0023|SSR|Gm19|264337|264384|(TAA)16
Satt232|BARCSOYSSR_19_0104|SSR|Gm19|1636160|1636249|(TAA)17(TAT)13
Satt446|BARCSOYSSR_19_0110|SSR|Gm19|1678524|1678586|(AAT)21
Sat_301|BARCSOYSSR_19_0120|SSR|Gm19|1803548|1803589|(AT)21
Satt182|BARCSOYSSR_19_0132|SSR|Gm19|2059674|2059724|(TAT)17
Satt238|BARCSOYSSR_19_0193|SSR|Gm19|2892741|2892776|(TTA)12
Sat_071|BARCSOYSSR_19_0212|SSR|Gm19|3334137|3334186|(AT)25
Satt388|BARCSOYSSR_19_0257|SSR|Gm19|4244178|4244219|(TAA)14
Satt523|BARCSOYSSR_19_0360|SSR|Gm19|7127474|7127518|(TTA)15
Satt278|BARCSOYSSR_19_0430|SSR|Gm19|8964121|8964198|(TAA)26
Satt652|BARCSOYSSR_19_0444|SSR|Gm19|9175842|9175895|(TAT)18
Sat_405|BARCSOYSSR_19_0483|SSR|Gm19|12234894|12234959|(AT)33
Sat_134|BARCSOYSSR_19_0507|SSR|Gm19|14048877|14048950|(TA)37
Sat_195|BARCSOYSSR_19_0556|SSR|Gm19|25505593|25505650|(AT)29
Satt418|BARCSOYSSR_19_0641|SSR|Gm19|28725794|28725874|(AAT)27
Satt711|BARCSOYSSR_19_0691|SSR|Gm19|31391479|31391538|(TTA)20
Sat_388|BARCSOYSSR_19_0692|SSR|Gm19|31392657|31392732|(AT)48
Sat_397|BARCSOYSSR_19_0758|SSR|Gm19|33851543|33851619|(AT)31gtt(TG)6
Satt497|BARCSOYSSR_19_0760|SSR|Gm19|33865280|33865345|(TTA)22
Sat_191|BARCSOYSSR_19_0768|SSR|Gm19|34060108|34060155|(AT)24
Sat_320|BARCSOYSSR_19_0775|SSR|Gm19|34351964|34352019|(AT)28
Satt313|BARCSOYSSR_19_0788|SSR|Gm19|34753167|34753208|(ATT)14
Satt613|BARCSOYSSR_19_0813|SSR|Gm19|35280815|35280892|(AAT)12aacaacaacaataataat(AAC)8
Satt284|BARCSOYSSR_19_0832|SSR|Gm19|35673125|35673172|(TAT)16
BARCSOYSSR_19_0921|BARCSOYSSR_19_0921|SSR|Gm19|37712353|37712379|(AGA)9
Sat_150|BARCSOYSSR_19_1041|SSR|Gm19|40265157|40265208|(TA)26
Satt481|BARCSOYSSR_19_1045|SSR|Gm19|40320015|40320056|(AAT)14
Satt156|BARCSOYSSR_19_1071|SSR|Gm19|40637161|40637211|(ATA)17
Satt076|BARCSOYSSR_19_1128|SSR|Gm19|41616293|41616322|(ATA)10
Satt448|BARCSOYSSR_19_1160|SSR|Gm19|42119683|42119727|(ATT)15
Sat_113|BARCSOYSSR_19_1176|SSR|Gm19|42311408|42311455|(TA)24
Satt166|BARCSOYSSR_19_1195|SSR|Gm19|42616556|42616612|(TTA)19
Satt678|BARCSOYSSR_19_1213|SSR|Gm19|43032497|43032526|(ATT)10
Satt527|BARCSOYSSR_19_1214|SSR|Gm19|43036959|43037009|(ATT)17
BARCSOYSSR_19_1243|BARCSOYSSR_19_1243|SSR|Gm19|43533689|43533756|(TA)34
Sat_099|BARCSOYSSR_19_1251|SSR|Gm19|43727123|43727166|(AT)22
Sat_286|BARCSOYSSR_19_1329|SSR|Gm19|45182506|45182569|(AT)32
Satt664|BARCSOYSSR_19_1383|SSR|Gm19|46227991|46228020|(ATA)10
Satt229|BARCSOYSSR_19_1427|SSR|Gm19|47167467|47167532|(AAT)22
BARCSOYSSR_19_1452|BARCSOYSSR_19_1452|SSR|Gm19|47528116|47528159|(AT)22
BARCSOYSSR_19_1473|BARCSOYSSR_19_1473|potential_SSR|Gm19|47923547|47923602|(AT)28
Satt513|BARCSOYSSR_19_1541|SSR|Gm19|49223550|49223591|(AAT)14
Satt373|BARCSOYSSR_19_1543|SSR|Gm19|49312780|49312842|(TAT)21
Sat_245|BARCSOYSSR_19_1580|SSR|Gm19|50144830|50144883|(AT)27
Sat_124|BARCSOYSSR_15_0525|SSR|Gm19|50728132|50728201|(TA)35
BARCSOYSSR_20_0049|BARCSOYSSR_20_0049|SSR|Gm20|724723|724774|(TA)26
Satt571|BARCSOYSSR_20_0075|SSR|Gm20|1287430|1287471|(ATA)14
BARCSOYSSR_20_0079|BARCSOYSSR_20_0079|SSR|Gm20|1322565|1322591|(GGC)9
Satt451|BARCSOYSSR_20_0098|SSR|Gm20|1684175|1684204|(ATT)10
Satt562|BARCSOYSSR_20_0112|SSR|Gm20|1882606|1882659|(TTA)18
Satt419|BARCSOYSSR_20_0113|SSR|Gm20|1885346|1885411|(TTA)22
Satt367|BARCSOYSSR_20_0151|SSR|Gm20|2615668|2615730|(TAT)21
Satt587|BARCSOYSSR_20_0200|SSR|Gm20|3725875|3725919|(AAT)15
Satt614|BARCSOYSSR_20_0208|SSR|Gm20|3903540|3903653|(TTA)38
Satt127|BARCSOYSSR_20_0364|SSR|Gm20|8169318|8169386|(AAT)14(TAT)9
Satt239|BARCSOYSSR_20_0543|SSR|Gm20|25275109|25275174|(AAT)22
Satt700|BARCSOYSSR_20_0547|SSR|Gm20|25498574|25498616|(AAT)4aaag(ATA)9
Sat_219|BARCSOYSSR_20_0551|SSR|Gm20|25674320|25674377|(AT)29
Sat_174|BARCSOYSSR_20_0552|SSR|Gm20|25693483|25693524|(TA)21
Satt496|BARCSOYSSR_20_0587|SSR|Gm20|27664525|27664563|(ATT)13
SSR0272|BARCSOYSSR_20_0587|SSR|Gm20|27664525|27664563|(ATT)13
BARCSOYSSR_20_0782|BARCSOYSSR_20_0782|SSR|Gm20|34718433|34718452|(AT)19
Satt270|BARCSOYSSR_20_0803|SSR|Gm20|35362639|35362686|(TTA)16
BARCSOYSSR_20_0819|BARCSOYSSR_20_0819|SSR|Gm20|35649834|35649877|(TA)22
Satt049|BARCSOYSSR_20_0895|SSR|Gm20|36842405|36842452|(AAT)16
Sat_104|BARCSOYSSR_20_0935|SSR|Gm20|37789850|37789921|(AT)66
Satt650|BARCSOYSSR_20_0954|SSR|Gm20|38172312|38172360|(TAA)8tgac(AAT)7
Sat_170|BARCSOYSSR_20_1053|SSR|Gm20|39770852|39770907|(AT)6ac(AT)20
Satt292|BARCSOYSSR_20_1120|SSR|Gm20|40623844|40623891|(ATA)16
Satt162|BARCSOYSSR_20_1170|SSR|Gm20|41416130|41416180|(ATA)17
Satt623|BARCSOYSSR_20_1227|SSR|Gm20|42165962|42166006|(TAA)15
Sat_419|BARCSOYSSR_20_1273|SSR|Gm20|42953618|42953659|(AT)21
Satt148|BARCSOYSSR_20_1301|SSR|Gm20|43382169|43382219|(TAA)17
Sat_299|BARCSOYSSR_20_1312|SSR|Gm20|43634586|43634629|(AT)22
Sct_189|BARCSOYSSR_20_1322|SSR|Gm20|46678851|46678884|(TC)17
Satt519|BARCSOYSSR_11_0688|SSR|scaffold_21|886704|886760|(TAA)19
Satt168|BARCSOYSSR_14_0463|SSR|scaffold_28|40440|40490|(ATA)17
Satt363|BARCSOYSSR_06_0840|SSR|scaffold_345|5670|5726|(AAT)19
Satt694|BARCSOYSSR_19_0542|SSR|scaffold_585|8104|8175|(AAT)24
